app/build/intermediates/manifest_merge_blame_file/debug/manifest-merger-blame-debug-report.txt
1<?xml version="1.0" encoding="utf-8"?>
2<manifest xmlns:android="http://schemas.android.com/apk/res/android"
3    package="br.leonardo.listadeexercicios01"
4    android:versionCode="1"
5    android:versionName="1.0" >
6
7    <uses-sdk
8        android:minSdkVersion="29"
8-->src/main/AndroidManifest.xml
9        android:targetSdkVersion="30" />
9-->src/main/AndroidManifest.xml
10
11    <application
11-->src/main/AndroidManifest.xml:5:5-37:19
12        android:allowBackup="true"
12-->src/main/AndroidManifest.xml:6:9-35
13        android:appComponentFactory="androidx.core.app.CoreComponentFactory"
13-->[androidx.core:core:1.3.2] AndroidManifest.xml:24:18-86
14        android:debuggable="true"
15        android:extractNativeLibs="false"
16        android:icon="@mipmap/ic_launcher"
16-->src/main/AndroidManifest.xml:7:9-43
17        android:label="@string/app_name"
17-->src/main/AndroidManifest.xml:8:9-41
18        android:roundIcon="@mipmap/ic_launcher_round"
18-->src/main/AndroidManifest.xml:9:9-54
19        android:supportsRtl="true"
19-->src/main/AndroidManifest.xml:10:9-35
20        android:testOnly="true"
21        android:theme="@style/Theme.ListaDeExercicios01" >
21-->src/main/AndroidManifest.xml:11:9-57
22        <activity android:name="br.leonardo.listadeexercicios01.MainActivity" >
22-->src/main/AndroidManifest.xml:13:9-19:20
22-->src/main/AndroidManifest.xml:13:19-47
23            <intent-filter>
23-->src/main/AndroidManifest.xml:14:13-18:29
24                <action android:name="android.intent.action.MAIN" />
24-->src/main/AndroidManifest.xml:15:17-69
24-->src/main/AndroidManifest.xml:15:25-66
25
26                <category android:name="android.intent.category.LAUNCHER" />
26-->src/main/AndroidManifest.xml:17:17-77
26-->src/main/AndroidManifest.xml:17:27-74
27            </intent-filter>
28        </activity>
29        <activity android:name="br.leonardo.listadeexercicios01.Exerc07_detalhe" />
29-->src/main/AndroidManifest.xml:21:9-62
29-->src/main/AndroidManifest.xml:21:19-50
30        <activity android:name="br.leonardo.listadeexercicios01.Exerc07" />
30-->src/main/AndroidManifest.xml:23:9-54
30-->src/main/AndroidManifest.xml:23:19-42
31        <activity android:name="br.leonardo.listadeexercicios01.Exerc01" />
31-->src/main/AndroidManifest.xml:25:9-54
31-->src/main/AndroidManifest.xml:25:19-42
32        <activity android:name="br.leonardo.listadeexercicios01.Exerc02" />
32-->src/main/AndroidManifest.xml:27:9-54
32-->src/main/AndroidManifest.xml:27:19-42
33        <activity android:name="br.leonardo.listadeexercicios01.Exerc08" />
33-->src/main/AndroidManifest.xml:29:9-54
33-->src/main/AndroidManifest.xml:29:19-42
34        <activity android:name="br.leonardo.listadeexercicios01.Exerc05" />
34-->src/main/AndroidManifest.xml:31:9-54
34-->src/main/AndroidManifest.xml:31:19-42
35        <activity android:name="br.leonardo.listadeexercicios01.Exerc04" />
35-->src/main/AndroidManifest.xml:33:9-54
35-->src/main/AndroidManifest.xml:33:19-42
36        <activity android:name="br.leonardo.listadeexercicios01.Exerc03" />
36-->src/main/AndroidManifest.xml:35:9-54
36-->src/main/AndroidManifest.xml:35:19-42
37    </application>
38
39</manifest>